<?xml version="1.0" encoding="UTF-8"?>
<!-- Generated by org.testng.reporters.JUnitReportReporter -->
<testsuite skipped="0" hostname="DESKTOP-OVI6C6O" name="com.testCases.DashBoardTest" tests="1" failures="0" timestamp="12 Jul 2019 09:46:27 GMT" time="11.751" errors="0">
  <testcase name="verifyClickMyAccountLink" time="11.751" classname="com.testCases.DashBoardTest"/>
</testsuite> <!-- com.testCases.DashBoardTest -->
