<?xml version="1.0" encoding="UTF-8"?>
<!-- Generated by org.testng.reporters.JUnitReportReporter -->
<testsuite skipped="0" hostname="DESKTOP-OVI6C6O" name="com.testCases.DashBoardTest" tests="1" failures="0" timestamp="16 Jul 2019 12:01:02 GMT" time="74.793" errors="0">
  <testcase name="verifyClickMyAccountLink" time="74.793" classname="com.testCases.DashBoardTest"/>
</testsuite> <!-- com.testCases.DashBoardTest -->
